  stdafx.cpp
  Image.cpp
c:\users\admin\source\repos\rasterizer\rasterizer\stb_image_write.h(223): error C4996: 'fopen': This function or variable may be unsafe. Consider using fopen_s instead. To disable deprecation, use _CRT_SECURE_NO_WARNINGS. See online help for details.
  C:\Program Files (x86)\Windows Kits\10\Include\10.0.16299.0\ucrt\stdio.h(207): note: see declaration of 'fopen'
c:\users\admin\source\repos\rasterizer\rasterizer\stb_image_write.h(627): error C4996: 'sprintf': This function or variable may be unsafe. Consider using sprintf_s instead. To disable deprecation, use _CRT_SECURE_NO_WARNINGS. See online help for details.
  C:\Program Files (x86)\Windows Kits\10\Include\10.0.16299.0\ucrt\stdio.h(1772): note: see declaration of 'sprintf'
c:\users\admin\source\repos\rasterizer\rasterizer\stb_image_write.h(1010): error C4996: 'fopen': This function or variable may be unsafe. Consider using fopen_s instead. To disable deprecation, use _CRT_SECURE_NO_WARNINGS. See online help for details.
  C:\Program Files (x86)\Windows Kits\10\Include\10.0.16299.0\ucrt\stdio.h(207): note: see declaration of 'fopen'
  Math2D.cpp
  Math3D.cpp
  Rasterizer.cpp
Rasterizer.cpp(351): warning C4244: '=': conversion from 'unsigned int' to 'float', possible loss of data
Rasterizer.cpp(352): warning C4244: '=': conversion from 'unsigned int' to 'float', possible loss of data
Rasterizer.cpp(353): warning C4244: '=': conversion from 'unsigned int' to 'float', possible loss of data
Rasterizer.cpp(359): warning C4244: 'argument': conversion from 'float' to 'const unsigned int', possible loss of data
Rasterizer.cpp(364): warning C4244: 'argument': conversion from 'float' to 'const unsigned int', possible loss of data
Rasterizer.cpp(369): warning C4244: 'argument': conversion from 'float' to 'const unsigned int', possible loss of data
Rasterizer.cpp(375): warning C4244: 'argument': conversion from 'float' to 'const unsigned int', possible loss of data
Rasterizer.cpp(376): warning C4244: 'argument': conversion from 'float' to 'const unsigned int', possible loss of data
Rasterizer.cpp(377): warning C4244: 'argument': conversion from 'float' to 'const unsigned int', possible loss of data
Rasterizer.cpp(410): warning C4244: 'initializing': conversion from 'float' to 'int', possible loss of data
Rasterizer.cpp(411): warning C4244: 'initializing': conversion from 'float' to 'int', possible loss of data
Rasterizer.cpp(415): warning C4244: 'argument': conversion from 'int' to 'float', possible loss of data
Rasterizer.cpp(442): warning C4244: 'argument': conversion from 'int' to 'float', possible loss of data
Rasterizer.cpp(448): warning C4244: 'argument': conversion from 'int' to 'float', possible loss of data
Rasterizer.cpp(526): warning C4018: '<': signed/unsigned mismatch
Rasterizer.cpp(529): warning C4018: '<': signed/unsigned mismatch
Rasterizer.cpp(560): warning C4018: '<': signed/unsigned mismatch
Rasterizer.cpp(608): warning C4244: '=': conversion from 'std::numeric_limits<int>::_Ty' to 'float', possible loss of data
Rasterizer.cpp(641): warning C4018: '<': signed/unsigned mismatch
Rasterizer.cpp(649): warning C4018: '<': signed/unsigned mismatch
Rasterizer.cpp(707): warning C4018: '<': signed/unsigned mismatch
